# JRE version: OpenJDK Runtime Environment (15.0+36) (build 15+36-1562)
# Java VM: OpenJDK 64-Bit Server VM (15+36-1562, mixed mode, sharing, tiered, compressed oops, g1 gc, windows-amd64)
GC Precious Log:
 CPUs: 16 total, 16 available
 Memory: 32718M
 Large Page Support: Disabled
 NUMA Support: Disabled
 Compressed Oops: Enabled (Zero based)
 Heap Region Size: 4M
 Heap Min Capacity: 8M
 Heap Initial Capacity: 512M
 Heap Max Capacity: 8180M
 Pre-touch: Disabled
 Parallel Workers: 13
 Concurrent Workers: 3
 Concurrent Refinement Workers: 13
 Periodic GC: Disabled
Heap:
 garbage-first heap   total 299008K, used 197174K [0x0000000600c00000, 0x0000000800000000)
  region size 4096K, 43 young (176128K), 1 survivors (4096K)
 Metaspace       used 46264K, capacity 46674K, committed 46896K, reserved 1089536K
  class space    used 5851K, capacity 5979K, committed 6016K, reserved 1048576K
GC Heap History (20 events):
Event: 1.710 GC heap before
{Heap before GC invocations=1 (full 0):
 garbage-first heap   total 524288K, used 27386K [0x0000000600c00000, 0x0000000800000000)
  region size 4096K, 6 young (24576K), 1 survivors (4096K)
 Metaspace       used 8403K, capacity 9531K, committed 9600K, reserved 1058816K
  class space    used 972K, capacity 1104K, committed 1152K, reserved 1048576K
}
Event: 1.713 GC heap after
{Heap after GC invocations=2 (full 0):
 garbage-first heap   total 524288K, used 8120K [0x0000000600c00000, 0x0000000800000000)
  region size 4096K, 1 young (4096K), 1 survivors (4096K)
 Metaspace       used 8403K, capacity 9531K, committed 9600K, reserved 1058816K
  class space    used 972K, capacity 1104K, committed 1152K, reserved 1048576K
}
Event: 2.634 GC heap before
{Heap before GC invocations=2 (full 0):
 garbage-first heap   total 524288K, used 57272K [0x0000000600c00000, 0x0000000800000000)
  region size 4096K, 13 young (53248K), 1 survivors (4096K)
 Metaspace       used 15918K, capacity 16093K, committed 16256K, reserved 1062912K
  class space    used 2065K, capacity 2134K, committed 2176K, reserved 1048576K
}
Event: 2.637 GC heap after
{Heap after GC invocations=3 (full 0):
 garbage-first heap   total 524288K, used 10641K [0x0000000600c00000, 0x0000000800000000)
  region size 4096K, 1 young (4096K), 1 survivors (4096K)
 Metaspace       used 15918K, capacity 16093K, committed 16256K, reserved 1062912K
  class space    used 2065K, capacity 2134K, committed 2176K, reserved 1048576K
}
Event: 3.015 GC heap before
{Heap before GC invocations=3 (full 0):
 garbage-first heap   total 524288K, used 67985K [0x0000000600c00000, 0x0000000800000000)
  region size 4096K, 17 young (69632K), 1 survivors (4096K)
 Metaspace       used 20952K, capacity 21166K, committed 21296K, reserved 1069056K
  class space    used 2568K, capacity 2645K, committed 2688K, reserved 1048576K
}
Event: 3.020 GC heap after
{Heap after GC invocations=4 (full 0):
 garbage-first heap   total 524288K, used 12198K [0x0000000600c00000, 0x0000000800000000)
  region size 4096K, 2 young (8192K), 2 survivors (8192K)
 Metaspace       used 20952K, capacity 21166K, committed 21296K, reserved 1069056K
  class space    used 2568K, capacity 2645K, committed 2688K, reserved 1048576K
}
Event: 3.581 GC heap before
{Heap before GC invocations=5 (full 0):
 garbage-first heap   total 69632K, used 44966K [0x0000000600c00000, 0x0000000800000000)
  region size 4096K, 10 young (40960K), 2 survivors (8192K)
 Metaspace       used 23867K, capacity 24195K, committed 24496K, reserved 1071104K
  class space    used 2960K, capacity 3053K, committed 3072K, reserved 1048576K
}
Event: 3.587 GC heap after
{Heap after GC invocations=6 (full 0):
 garbage-first heap   total 69632K, used 13095K [0x0000000600c00000, 0x0000000800000000)
  region size 4096K, 2 young (8192K), 2 survivors (8192K)
 Metaspace       used 23867K, capacity 24195K, committed 24496K, reserved 1071104K
  class space    used 2960K, capacity 3053K, committed 3072K, reserved 1048576K
}
Event: 4.534 GC heap before
{Heap before GC invocations=6 (full 0):
 garbage-first heap   total 69632K, used 41767K [0x0000000600c00000, 0x0000000800000000)
  region size 4096K, 9 young (36864K), 2 survivors (8192K)
 Metaspace       used 27776K, capacity 28120K, committed 28336K, reserved 1075200K
  class space    used 3460K, capacity 3583K, committed 3584K, reserved 1048576K
}
Event: 4.541 GC heap after
{Heap after GC invocations=7 (full 0):
 garbage-first heap   total 69632K, used 15143K [0x0000000600c00000, 0x0000000800000000)
  region size 4096K, 2 young (8192K), 2 survivors (8192K)
 Metaspace       used 27776K, capacity 28120K, committed 28336K, reserved 1075200K
  class space    used 3460K, capacity 3583K, committed 3584K, reserved 1048576K
}
Event: 5.155 GC heap before
{Heap before GC invocations=7 (full 0):
 garbage-first heap   total 69632K, used 39719K [0x0000000600c00000, 0x0000000800000000)
  region size 4096K, 9 young (36864K), 2 survivors (8192K)
 Metaspace       used 31901K, capacity 32235K, committed 32432K, reserved 1077248K
  class space    used 3965K, capacity 4077K, committed 4096K, reserved 1048576K
}
Event: 5.162 GC heap after
{Heap after GC invocations=8 (full 0):
 garbage-first heap   total 69632K, used 17615K [0x0000000600c00000, 0x0000000800000000)
  region size 4096K, 2 young (8192K), 2 survivors (8192K)
 Metaspace       used 31901K, capacity 32235K, committed 32432K, reserved 1077248K
  class space    used 3965K, capacity 4077K, committed 4096K, reserved 1048576K
}
Event: 5.641 GC heap before
{Heap before GC invocations=8 (full 0):
 garbage-first heap   total 69632K, used 42191K [0x0000000600c00000, 0x0000000800000000)
  region size 4096K, 8 young (32768K), 2 survivors (8192K)
 Metaspace       used 34662K, capacity 35073K, committed 35248K, reserved 1079296K
  class space    used 4424K, capacity 4572K, committed 4608K, reserved 1048576K
}
Event: 5.653 GC heap after
{Heap after GC invocations=9 (full 0):
 garbage-first heap   total 69632K, used 19851K [0x0000000600c00000, 0x0000000800000000)
  region size 4096K, 1 young (4096K), 1 survivors (4096K)
 Metaspace       used 34662K, capacity 35073K, committed 35248K, reserved 1079296K
  class space    used 4424K, capacity 4572K, committed 4608K, reserved 1048576K
}
Event: 5.758 GC heap before
{Heap before GC invocations=9 (full 0):
 garbage-first heap   total 69632K, used 23947K [0x0000000600c00000, 0x0000000800000000)
  region size 4096K, 3 young (12288K), 1 survivors (4096K)
 Metaspace       used 35515K, capacity 35841K, committed 35888K, reserved 1081344K
  class space    used 4564K, capacity 4700K, committed 4736K, reserved 1048576K
}
Event: 5.764 GC heap after
{Heap after GC invocations=10 (full 0):
 garbage-first heap   total 69632K, used 20892K [0x0000000600c00000, 0x0000000800000000)
  region size 4096K, 1 young (4096K), 1 survivors (4096K)
 Metaspace       used 35515K, capacity 35841K, committed 35888K, reserved 1081344K
  class space    used 4564K, capacity 4700K, committed 4736K, reserved 1048576K
}
Event: 6.455 GC heap before
{Heap before GC invocations=11 (full 0):
 garbage-first heap   total 69632K, used 41372K [0x0000000600c00000, 0x0000000800000000)
  region size 4096K, 7 young (28672K), 1 survivors (4096K)
 Metaspace       used 39703K, capacity 40083K, committed 40240K, reserved 1085440K
  class space    used 5108K, capacity 5216K, committed 5248K, reserved 1048576K
}
Event: 6.463 GC heap after
{Heap after GC invocations=12 (full 0):
 garbage-first heap   total 69632K, used 22925K [0x0000000600c00000, 0x0000000800000000)
  region size 4096K, 1 young (4096K), 1 survivors (4096K)
 Metaspace       used 39703K, capacity 40083K, committed 40240K, reserved 1085440K
  class space    used 5108K, capacity 5216K, committed 5248K, reserved 1048576K
}
Event: 7.098 GC heap before
{Heap before GC invocations=12 (full 0):
 garbage-first heap   total 69632K, used 43405K [0x0000000600c00000, 0x0000000800000000)
  region size 4096K, 7 young (28672K), 1 survivors (4096K)
 Metaspace       used 43353K, capacity 43717K, committed 43824K, reserved 1087488K
  class space    used 5531K, capacity 5655K, committed 5760K, reserved 1048576K
}
Event: 7.109 GC heap after
{Heap after GC invocations=13 (full 0):
 garbage-first heap   total 299008K, used 25142K [0x0000000600c00000, 0x0000000800000000)
  region size 4096K, 1 young (4096K), 1 survivors (4096K)
 Metaspace       used 43353K, capacity 43717K, committed 43824K, reserved 1087488K
  class space    used 5531K, capacity 5655K, committed 5760K, reserved 1048576K
}

